Starting org.bukkit.craftbukkit.Main
[22:04:40 INFO]: [bootstrap] Running Java 21 (OpenJDK 64-Bit Server VM 21.0.11+10-1-24.04.2-Ubuntu; Ubuntu null) on Linux 6.8.0-124-generic (amd64)
[22:04:40 INFO]: [bootstrap] Loading Paper 1.21.11-132-ver/1.21.11@c5eb079 (2026-05-11T11:43:09Z) for Minecraft 1.21.11
[22:04:41 INFO]: [PluginInitializerManager] Initializing plugins...
[22:04:41 INFO]: [PluginInitializerManager] Initialized 0 plugins
[22:04:47 INFO]: Environment: Environment[sessionHost=https://sessionserver.mojang.com, servicesHost=https://api.minecraftservices.com, profilesHost=https://api.mojang.com, name=PROD]
[22:04:49 INFO]: Loaded 1470 recipes
[22:04:49 INFO]: Loaded 1584 advancements
[22:04:49 INFO]: [ca.spottedleaf.dataconverter.minecraft.datatypes.MCTypeRegistry] Initialising converters for DataConverter...
[22:04:49 INFO]: [ca.spottedleaf.dataconverter.minecraft.datatypes.MCTypeRegistry] Finished initialising converters for DataConverter in 419.3ms
[22:04:50 INFO]: Starting minecraft server version 1.21.11
[22:04:50 INFO]: Loading properties
[22:04:50 INFO]: This server is running Paper version 1.21.11-132-ver/1.21.11@c5eb079 (2026-05-11T11:43:09Z) (Implementing API version 1.21.11-R0.1-SNAPSHOT)
[22:04:50 INFO]: [spark] This server bundles the spark profiler. For more information please visit https://docs.papermc.io/paper/profiling
[22:04:50 INFO]: Server Ping Player Sample Count: 12
[22:04:50 INFO]: Using 4 threads for Netty based IO
[22:04:51 INFO]: [MoonriseCommon] Paper is using 1 worker threads, 1 I/O threads
[22:04:51 INFO]: Default game type: SURVIVAL
[22:04:51 INFO]: Generating keypair
[22:04:51 INFO]: Starting Minecraft server on *:25565
[22:04:51 INFO]: Paper: Using libdeflate (Linux x86_64) compression from Velocity.
[22:04:51 INFO]: Paper: Using OpenSSL 3.x.x (Linux x86_64) cipher from Velocity.
[22:04:51 INFO]: Server permissions file permissions.yml is empty, ignoring it
[22:04:51 WARN]: **** SERVER IS RUNNING IN OFFLINE/INSECURE MODE!
[22:04:51 WARN]: The server will make no attempt to authenticate usernames. Beware.
[22:04:51 WARN]: While this makes the game possible to play without internet access, it also opens up the ability for hackers to connect with any username they choose.
[22:04:51 WARN]: To change this, set "online-mode" to "true" in the server.properties file.
[22:04:51 INFO]: Preparing level "world"
[22:04:51 INFO]: [ca.spottedleaf.moonrise.common.util.MoonriseConstants] NUMA enable flag is not set; however there is NUMA interaction support for this OS.
[22:04:51 INFO]: [ca.spottedleaf.moonrise.common.util.MoonriseConstants] Detected 1 NUMA nodes.
[22:04:52 INFO]: Loading 0 persistent chunks for world 'minecraft:overworld'...
[22:04:52 INFO]: Preparing spawn area: 100%
[22:04:52 INFO]: Prepared spawn area in 1 ms
[22:04:52 INFO]: Loading 0 persistent chunks for world 'minecraft:the_nether'...
[22:04:52 INFO]: Prepared spawn area in 0 ms
[22:04:52 INFO]: Loading 0 persistent chunks for world 'minecraft:the_end'...
[22:04:52 INFO]: Prepared spawn area in 0 ms
[22:04:52 INFO]: Done preparing level "world" (0.562s)
[22:04:52 INFO]: [spark] Starting background profiler...
[22:04:52 INFO]: Running delayed init tasks
[22:04:52 INFO]: Done (12.737s)! For help, type "help"
[22:04:52 WARN]: *************************************************************************************
[22:04:52 WARN]: You are running the latest build for your Minecraft version (1.21.11)
[22:04:52 WARN]: However, you are 2 release(s) behind the latest stable release (26.1.2)!
[22:04:52 WARN]: It is recommended that you update as soon as possible
[22:04:52 WARN]: https://papermc.io/downloads/paper
[22:04:52 WARN]: *************************************************************************************
[22:08:34 INFO]: UUID of player AIPlayer is 09a0708d-b64f-3ac7-9e38-6754681a7416
[22:08:42 INFO]: [38;5;11mAIPlayer joined the game[0m
[22:08:42 INFO]: AIPlayer[/127.0.0.1:35056] logged in with entity id 25 at ([world]-413.5, 77.0, 93.5)
