2026-07-03T21:52:25: PM2 log: ===============================================================================
2026-07-03T21:52:25: PM2 log: --- New PM2 Daemon started ----------------------------------------------------
2026-07-03T21:52:25: PM2 log: Time                 : Fri Jul 03 2026 21:52:25 GMT+0000 (Coordinated Universal Time)
2026-07-03T21:52:25: PM2 log: PM2 version          : 7.0.3
2026-07-03T21:52:25: PM2 log: Node.js version      : 22.23.1
2026-07-03T21:52:25: PM2 log: Current arch         : x64
2026-07-03T21:52:25: PM2 log: PM2 home             : /home/liwan/.pm2
2026-07-03T21:52:25: PM2 log: PM2 PID file         : /home/liwan/.pm2/pm2.pid
2026-07-03T21:52:25: PM2 log: RPC socket file      : /home/liwan/.pm2/rpc.sock
2026-07-03T21:52:25: PM2 log: BUS socket file      : /home/liwan/.pm2/pub.sock
2026-07-03T21:52:25: PM2 log: Application log path : /home/liwan/.pm2/logs
2026-07-03T21:52:25: PM2 log: Worker Interval      : 30000
2026-07-03T21:52:25: PM2 log: Process dump file    : /home/liwan/.pm2/dump.pm2
2026-07-03T21:52:25: PM2 log: Concurrent actions   : 2
2026-07-03T21:52:25: PM2 log: SIGTERM timeout      : 1600
2026-07-03T21:52:25: PM2 log: Runtime Binary       : /usr/bin/node
2026-07-03T21:52:25: PM2 log: ===============================================================================
2026-07-03T21:56:28: PM2 log: App [minecraft-server:0] starting in -fork mode-
2026-07-03T21:56:28: PM2 log: App [minecraft-server:0] online
2026-07-03T21:56:28: PM2 log: App [minecraft-server:0] exited with code [1] via signal [SIGINT]
2026-07-03T21:56:28: PM2 log: App [minecraft-server:0] starting in -fork mode-
2026-07-03T21:56:28: PM2 log: App [minecraft-server:0] online
2026-07-03T21:56:28: PM2 log: App [minecraft-server:0] exited with code [1] via signal [SIGINT]
2026-07-03T21:56:28: PM2 log: App [minecraft-server:0] starting in -fork mode-
2026-07-03T21:56:28: PM2 error: Error [ERR_STREAM_DESTROYED]: Cannot call write after a stream was destroyed
2026-07-03T21:56:28: PM2 log: App [minecraft-server:0] online
2026-07-03T21:56:28: PM2 error: Error caught while calling pidusage
2026-07-03T21:56:28: PM2 error: Error: No matching pid found
2026-07-03T21:56:28: PM2 log: App [minecraft-server:0] exited with code [1] via signal [SIGINT]
2026-07-03T21:56:28: PM2 log: App [minecraft-server:0] starting in -fork mode-
2026-07-03T21:56:28: PM2 log: App [minecraft-server:0] online
2026-07-03T21:56:28: PM2 log: App [minecraft-server:0] exited with code [1] via signal [SIGINT]
2026-07-03T21:56:28: PM2 log: App [minecraft-server:0] starting in -fork mode-
2026-07-03T21:56:28: PM2 log: App [minecraft-server:0] online
2026-07-03T21:56:28: PM2 log: App [minecraft-server:0] exited with code [1] via signal [SIGINT]
2026-07-03T21:56:28: PM2 log: App [minecraft-server:0] starting in -fork mode-
2026-07-03T21:56:28: PM2 log: App [minecraft-server:0] online
2026-07-03T21:56:28: PM2 log: App [minecraft-server:0] exited with code [1] via signal [SIGINT]
2026-07-03T21:56:28: PM2 log: App [minecraft-server:0] starting in -fork mode-
2026-07-03T21:56:28: PM2 log: App [minecraft-server:0] online
2026-07-03T21:56:28: PM2 log: App [minecraft-server:0] exited with code [1] via signal [SIGINT]
2026-07-03T21:56:28: PM2 log: App [minecraft-server:0] starting in -fork mode-
2026-07-03T21:56:28: PM2 log: App [minecraft-server:0] online
2026-07-03T21:56:28: PM2 log: App [minecraft-server:0] exited with code [1] via signal [SIGINT]
2026-07-03T21:56:28: PM2 log: App [minecraft-server:0] starting in -fork mode-
2026-07-03T21:56:28: PM2 log: App [minecraft-server:0] online
2026-07-03T21:56:28: PM2 log: App [minecraft-server:0] exited with code [1] via signal [SIGINT]
2026-07-03T21:56:28: PM2 log: App [minecraft-server:0] starting in -fork mode-
2026-07-03T21:56:28: PM2 log: App [minecraft-server:0] online
2026-07-03T21:56:28: PM2 log: App [minecraft-server:0] exited with code [1] via signal [SIGINT]
2026-07-03T21:56:28: PM2 log: App [minecraft-server:0] starting in -fork mode-
2026-07-03T21:56:28: PM2 log: App [minecraft-server:0] online
2026-07-03T21:56:28: PM2 log: App [minecraft-server:0] exited with code [1] via signal [SIGINT]
2026-07-03T21:56:28: PM2 log: App [minecraft-server:0] starting in -fork mode-
2026-07-03T21:56:28: PM2 log: App [minecraft-server:0] online
2026-07-03T21:56:28: PM2 log: App [minecraft-server:0] exited with code [1] via signal [SIGINT]
2026-07-03T21:56:28: PM2 log: App [minecraft-server:0] starting in -fork mode-
2026-07-03T21:56:28: PM2 log: App [minecraft-server:0] online
2026-07-03T21:56:28: PM2 log: App [minecraft-server:0] exited with code [1] via signal [SIGINT]
2026-07-03T21:56:28: PM2 log: App [minecraft-server:0] starting in -fork mode-
2026-07-03T21:56:28: PM2 log: App [minecraft-server:0] online
2026-07-03T21:56:28: PM2 log: App [minecraft-server:0] exited with code [1] via signal [SIGINT]
2026-07-03T21:56:28: PM2 log: App [minecraft-server:0] starting in -fork mode-
2026-07-03T21:56:28: PM2 log: App [minecraft-server:0] online
2026-07-03T21:56:28: PM2 log: App [minecraft-server:0] exited with code [1] via signal [SIGINT]
2026-07-03T21:56:28: PM2 log: App [minecraft-server:0] starting in -fork mode-
2026-07-03T21:56:28: PM2 log: App [minecraft-server:0] online
2026-07-03T21:56:28: PM2 log: App [minecraft-server:0] exited with code [1] via signal [SIGINT]
2026-07-03T21:56:28: PM2 log: Script /opt/minecraft-ai/server/start.sh had too many unstable restarts (16). Stopped. "errored"
2026-07-03T22:04:38: PM2 log: App [minecraft-server:0] starting in -fork mode-
2026-07-03T22:04:38: PM2 log: App [minecraft-server:0] online
2026-07-03T22:09:36: PM2 log: App [minecraft-bot:1] starting in -fork mode-
2026-07-03T22:09:36: PM2 log: App [minecraft-bot:1] online
2026-07-03T22:09:37: PM2 log: App [minecraft-bot:1] exited with code [1] via signal [SIGINT]
2026-07-03T22:09:37: PM2 log: App [minecraft-bot:1] starting in -fork mode-
2026-07-03T22:09:37: PM2 log: App [minecraft-bot:1] online
2026-07-03T22:09:37: PM2 log: App [minecraft-bot:1] exited with code [1] via signal [SIGINT]
2026-07-03T22:09:37: PM2 log: App [minecraft-bot:1] starting in -fork mode-
2026-07-03T22:09:37: PM2 log: App [minecraft-bot:1] online
2026-07-03T22:09:38: PM2 log: App [minecraft-bot:1] exited with code [1] via signal [SIGINT]
2026-07-03T22:09:38: PM2 log: App [minecraft-bot:1] starting in -fork mode-
2026-07-03T22:09:38: PM2 log: App [minecraft-bot:1] online
2026-07-03T22:09:38: PM2 log: App [minecraft-bot:1] exited with code [1] via signal [SIGINT]
2026-07-03T22:09:38: PM2 log: App [minecraft-bot:1] starting in -fork mode-
2026-07-03T22:09:38: PM2 log: App [minecraft-bot:1] online
2026-07-03T22:09:39: PM2 log: App [minecraft-bot:1] exited with code [1] via signal [SIGINT]
2026-07-03T22:09:39: PM2 log: App [minecraft-bot:1] starting in -fork mode-
2026-07-03T22:09:39: PM2 log: App [minecraft-bot:1] online
2026-07-03T22:09:40: PM2 log: App [minecraft-bot:1] exited with code [1] via signal [SIGINT]
2026-07-03T22:09:40: PM2 log: App [minecraft-bot:1] starting in -fork mode-
2026-07-03T22:09:40: PM2 log: App [minecraft-bot:1] online
2026-07-03T22:09:40: PM2 log: App [minecraft-bot:1] exited with code [1] via signal [SIGINT]
2026-07-03T22:09:40: PM2 log: App [minecraft-bot:1] starting in -fork mode-
2026-07-03T22:09:40: PM2 log: App [minecraft-bot:1] online
2026-07-03T22:09:41: PM2 log: App [minecraft-bot:1] exited with code [1] via signal [SIGINT]
2026-07-03T22:09:41: PM2 log: App [minecraft-bot:1] starting in -fork mode-
2026-07-03T22:09:41: PM2 log: App [minecraft-bot:1] online
2026-07-03T22:09:41: PM2 log: App [minecraft-bot:1] exited with code [1] via signal [SIGINT]
2026-07-03T22:09:41: PM2 log: App [minecraft-bot:1] starting in -fork mode-
2026-07-03T22:09:41: PM2 log: App [minecraft-bot:1] online
2026-07-03T22:09:42: PM2 log: App [minecraft-bot:1] exited with code [1] via signal [SIGINT]
2026-07-03T22:09:42: PM2 log: App [minecraft-bot:1] starting in -fork mode-
2026-07-03T22:09:42: PM2 log: App [minecraft-bot:1] online
2026-07-03T22:09:42: PM2 log: App [minecraft-bot:1] exited with code [1] via signal [SIGINT]
2026-07-03T22:09:42: PM2 log: App [minecraft-bot:1] starting in -fork mode-
2026-07-03T22:09:42: PM2 log: App [minecraft-bot:1] online
2026-07-03T22:09:43: PM2 log: App [minecraft-bot:1] exited with code [1] via signal [SIGINT]
2026-07-03T22:09:43: PM2 log: App [minecraft-bot:1] starting in -fork mode-
2026-07-03T22:09:43: PM2 log: App [minecraft-bot:1] online
2026-07-03T22:09:43: PM2 log: App [minecraft-bot:1] exited with code [1] via signal [SIGINT]
2026-07-03T22:09:43: PM2 log: App [minecraft-bot:1] starting in -fork mode-
2026-07-03T22:09:43: PM2 log: App [minecraft-bot:1] online
2026-07-03T22:09:44: PM2 log: App [minecraft-bot:1] exited with code [1] via signal [SIGINT]
2026-07-03T22:09:44: PM2 log: App [minecraft-bot:1] starting in -fork mode-
2026-07-03T22:09:44: PM2 log: App [minecraft-bot:1] online
2026-07-03T22:09:44: PM2 log: App [minecraft-bot:1] exited with code [1] via signal [SIGINT]
2026-07-03T22:09:44: PM2 log: App [minecraft-bot:1] starting in -fork mode-
2026-07-03T22:09:44: PM2 log: App [minecraft-bot:1] online
2026-07-03T22:09:45: PM2 log: App [minecraft-bot:1] exited with code [1] via signal [SIGINT]
2026-07-03T22:09:45: PM2 log: Script /opt/minecraft-ai/bot/bot.js had too many unstable restarts (16). Stopped. "errored"
