0 verbose cli /usr/bin/node /usr/bin/npm
1 info using npm@10.9.8
2 info using node@v22.23.1
3 silly config load:file:/usr/lib/node_modules/npm/npmrc
4 silly config load:file:/opt/minecraft-ai/bot/.npmrc
5 silly config load:file:/home/liwan/.npmrc
6 silly config load:file:/usr/etc/npmrc
7 verbose title npm init
8 verbose argv "init" "--yes"
9 verbose logfile logs-max:10 dir:/home/liwan/.npm/_logs/2026-07-03T22_05_14_546Z-
10 verbose logfile /home/liwan/.npm/_logs/2026-07-03T22_05_14_546Z-debug-0.log
11 silly logfile done cleaning log files
12 silly package data {
12 silly package data   name: 'bot',
12 silly package data   version: '1.0.0',
12 silly package data   description: '',
12 silly package data   main: 'index.js',
12 silly package data   scripts: { test: 'echo "Error: no test specified" && exit 1' },
12 silly package data   keywords: [],
12 silly package data   author: '',
12 silly package data   license: 'ISC'
12 silly package data }
13 verbose cwd /opt/minecraft-ai/bot
14 verbose os Linux 6.8.0-124-generic
15 verbose node v22.23.1
16 verbose npm  v10.9.8
17 verbose exit 0
18 info ok
